2018-04-19 15:50:27 Error: Fatal Error (1): Maximum execution time of 120 seconds exceeded in [C:\wamp64\www\practices-git\inline-save-edit-delete-with-jquery-in-cake-php\vendor\cakephp\cakephp\src\Database\Expression\OrderByExpression.php, line 15]
Request URL: /debug-kit/toolbar/b963512d-4023-4aa6-8c9b-2b447239066f
Referer URL: http://localhost/practices-git/inline-save-edit-delete-with-jquery-in-cake-php/
Trace:
Cake\Error\BaseErrorHandler::handleFatalError() - CORE\src\Error\BaseErrorHandler.php, line 223
Cake\Error\BaseErrorHandler::Cake\Error\{closure}() - CORE\src\Error\BaseErrorHandler.php, line 105
[main] - [internal], line ??



2018-04-19 15:50:37 Warning: Headers already sent in C:\wamp64\www\practices-git\inline-save-edit-delete-with-jquery-in-cake-php\vendor\cakephp\cakephp\src\Database\Expression\OrderByExpression.php:15
2018-04-19 15:50:37 Error: [Cake\Error\FatalErrorException] Maximum execution time of 120 seconds exceeded in C:\wamp64\www\practices-git\inline-save-edit-delete-with-jquery-in-cake-php\vendor\cakephp\cakephp\src\Database\Expression\OrderByExpression.php on line 15
Request URL: /debug-kit/toolbar/b963512d-4023-4aa6-8c9b-2b447239066f
Referer URL: http://localhost/practices-git/inline-save-edit-delete-with-jquery-in-cake-php/
Stack Trace:
#0 C:\wamp64\www\practices-git\inline-save-edit-delete-with-jquery-in-cake-php\vendor\cakephp\cakephp\src\Error\BaseErrorHandler.php(105): Cake\Error\BaseErrorHandler->handleFatalError(1, 'Maximum executi...', 'C:\\wamp64\\www\\p...', 15)
#1 [internal function]: Cake\Error\BaseErrorHandler->Cake\Error\{closure}()
#2 {main}


2018-04-19 16:15:55 Error: [Cake\Routing\Exception\MissingControllerException] Controller class Events could not be found.
Exception Attributes: array (
  'class' => 'Events',
  'plugin' => false,
  'prefix' => false,
  '_ext' => false,
)
Request URL: /events
Referer URL: http://localhost/practices-git/inline-save-edit-delete-with-jquery-in-cake-php/
Stack Trace:
#0 C:\wamp64\www\practices-git\inline-save-edit-delete-with-jquery-in-cake-php\vendor\cakephp\cakephp\src\Http\ControllerFactory.php(38): Cake\Http\ControllerFactory->missingController(Object(Cake\Http\ServerRequest))
#1 C:\wamp64\www\practices-git\inline-save-edit-delete-with-jquery-in-cake-php\vendor\cakephp\cakephp\src\Http\ActionDispatcher.php(90): Cake\Http\ControllerFactory->create(Object(Cake\Http\ServerRequest), Object(Cake\Http\Response))
#2 C:\wamp64\www\practices-git\inline-save-edit-delete-with-jquery-in-cake-php\vendor\cakephp\cakephp\src\Http\BaseApplication.php(108): Cake\Http\ActionDispatcher->dispatch(Object(Cake\Http\ServerRequest), Object(Cake\Http\Response))
#3 C:\wamp64\www\practices-git\inline-save-edit-delete-with-jquery-in-cake-php\vendor\cakephp\cakephp\src\Http\Runner.php(65): Cake\Http\BaseApplication->__invoke(Object(Cake\Http\ServerRequest), Object(Cake\Http\Response), Object(Cake\Http\Runner))
#4 C:\wamp64\www\practices-git\inline-save-edit-delete-with-jquery-in-cake-php\vendor\cakephp\cakephp\src\Routing\Middleware\RoutingMiddleware.php(104): Cake\Http\Runner->__invoke(Object(Cake\Http\ServerRequest), Object(Cake\Http\Response))
#5 C:\wamp64\www\practices-git\inline-save-edit-delete-with-jquery-in-cake-php\vendor\cakephp\cakephp\src\Http\Runner.php(65): Cake\Routing\Middleware\RoutingMiddleware->__invoke(Object(Cake\Http\ServerRequest), Object(Cake\Http\Response), Object(Cake\Http\Runner))
#6 C:\wamp64\www\practices-git\inline-save-edit-delete-with-jquery-in-cake-php\vendor\cakephp\cakephp\src\Routing\Middleware\AssetMiddleware.php(88): Cake\Http\Runner->__invoke(Object(Cake\Http\ServerRequest), Object(Cake\Http\Response))
#7 C:\wamp64\www\practices-git\inline-save-edit-delete-with-jquery-in-cake-php\vendor\cakephp\cakephp\src\Http\Runner.php(65): Cake\Routing\Middleware\AssetMiddleware->__invoke(Object(Cake\Http\ServerRequest), Object(Cake\Http\Response), Object(Cake\Http\Runner))
#8 C:\wamp64\www\practices-git\inline-save-edit-delete-with-jquery-in-cake-php\vendor\cakephp\cakephp\src\Error\Middleware\ErrorHandlerMiddleware.php(98): Cake\Http\Runner->__invoke(Object(Cake\Http\ServerRequest), Object(Cake\Http\Response))
#9 C:\wamp64\www\practices-git\inline-save-edit-delete-with-jquery-in-cake-php\vendor\cakephp\cakephp\src\Http\Runner.php(65): Cake\Error\Middleware\ErrorHandlerMiddleware->__invoke(Object(Cake\Http\ServerRequest), Object(Cake\Http\Response), Object(Cake\Http\Runner))
#10 C:\wamp64\www\practices-git\inline-save-edit-delete-with-jquery-in-cake-php\vendor\cakephp\debug_kit\src\Middleware\DebugKitMiddleware.php(52): Cake\Http\Runner->__invoke(Object(Cake\Http\ServerRequest), Object(Cake\Http\Response))
#11 C:\wamp64\www\practices-git\inline-save-edit-delete-with-jquery-in-cake-php\vendor\cakephp\cakephp\src\Http\Runner.php(65): DebugKit\Middleware\DebugKitMiddleware->__invoke(Object(Cake\Http\ServerRequest), Object(Cake\Http\Response), Object(Cake\Http\Runner))
#12 C:\wamp64\www\practices-git\inline-save-edit-delete-with-jquery-in-cake-php\vendor\cakephp\cakephp\src\Http\Runner.php(51): Cake\Http\Runner->__invoke(Object(Cake\Http\ServerRequest), Object(Cake\Http\Response))
#13 C:\wamp64\www\practices-git\inline-save-edit-delete-with-jquery-in-cake-php\vendor\cakephp\cakephp\src\Http\Server.php(81): Cake\Http\Runner->run(Object(Cake\Http\MiddlewareQueue), Object(Cake\Http\ServerRequest), Object(Cake\Http\Response))
#14 C:\wamp64\www\practices-git\inline-save-edit-delete-with-jquery-in-cake-php\webroot\index.php(40): Cake\Http\Server->run()
#15 {main}


2018-04-19 16:57:37 Error: Fatal Error (4): syntax error, unexpected 'echo' (T_ECHO) in [C:\wamp64\www\practices-git\inline-save-edit-delete-with-jquery-in-cake-php\src\Template\Events\index.ctp, line 20]
Request URL: /events
Referer URL: http://localhost/practices-git/inline-save-edit-delete-with-jquery-in-cake-php/
Trace:
Cake\Error\BaseErrorHandler::handleFatalError() - CORE\src\Error\BaseErrorHandler.php, line 223
Cake\Error\BaseErrorHandler::Cake\Error\{closure}() - CORE\src\Error\BaseErrorHandler.php, line 105
[main] - [internal], line ??



2018-04-19 16:57:37 Error: [Cake\Error\FatalErrorException] syntax error, unexpected 'echo' (T_ECHO) in C:\wamp64\www\practices-git\inline-save-edit-delete-with-jquery-in-cake-php\src\Template\Events\index.ctp on line 20
Request URL: /events
Referer URL: http://localhost/practices-git/inline-save-edit-delete-with-jquery-in-cake-php/
Stack Trace:
#0 C:\wamp64\www\practices-git\inline-save-edit-delete-with-jquery-in-cake-php\vendor\cakephp\cakephp\src\Error\BaseErrorHandler.php(105): Cake\Error\BaseErrorHandler->handleFatalError(4, 'syntax error, u...', 'C:\\wamp64\\www\\p...', 20)
#1 [internal function]: Cake\Error\BaseErrorHandler->Cake\Error\{closure}()
#2 {main}


